Build started 17.06.2015 17:17:26.
     1>Project "f:\Main\documents\visual studio 2013\Projects\Exiles\Exiles\Exiles.vcxproj" on node 2 (Build target(s)).
     1>ClCompile:
         C:\Program Files (x86)\Microsoft Visual Studio 12.0\VC\bin\CL.exe /c /ZI /nologo /W3 /WX- /sdl /Od /Oy- /D _MBCS /D _MBCS /D _CRT_SECURE_NO_WARNINGS /Gm /EHsc /RTC1 /MDd /GS /fp:precise /Zc:wchar_t /Zc:forScope /Fo"Debug\\" /Fd"Debug\vc120.pdb" /Gd /TP /analyze- /errorReport:prompt main.cpp mesh.cpp shader.cpp texture.cpp
         texture.cpp
         shader.cpp
         mesh.cpp
         main.cpp
         Generating Code...
       Link:
         C:\Program Files (x86)\Microsoft Visual Studio 12.0\VC\bin\link.exe /ERRORREPORT:PROMPT /OUT:"f:\main\documents\visual studio 2013\Projects\Exiles\Debug\Exiles.exe" /INCREMENTAL /NOLOGO glew32.lib glew32s.lib SDL2.lib SDL2main.lib SDL2test.lib opengl32.lib kernel32.lib user32.lib gdi32.lib winspool.lib comdlg32.lib advapi32.lib shell32.lib ole32.lib oleaut32.lib uuid.lib odbc32.lib odbccp32.lib /MANIFEST /MANIFESTUAC:"level='asInvoker' uiAccess='false'" /manifest:embed /DEBUG /PDB:"f:\main\documents\visual studio 2013\Projects\Exiles\Debug\Exiles.pdb" /SUBSYSTEM:CONSOLE /TLBID:1 /DYNAMICBASE /NXCOMPAT /IMPLIB:"f:\main\documents\visual studio 2013\Projects\Exiles\Debug\Exiles.lib" /MACHINE:X86 Debug\display.obj
         Debug\main.obj
         Debug\mesh.obj
         Debug\shader.obj
         Debug\stb_image.obj
         Debug\texture.obj
         Exiles.vcxproj -> f:\main\documents\visual studio 2013\Projects\Exiles\Debug\Exiles.exe
     1>Done Building Project "f:\Main\documents\visual studio 2013\Projects\Exiles\Exiles\Exiles.vcxproj" (Build target(s)).

Build succeeded.

Time Elapsed 00:00:01.81
