f:\main\documents\visual studio 2013\projects\exiles\exiles\release\vc120.pdb
f:\main\documents\visual studio 2013\projects\exiles\exiles\release\shader.obj
f:\main\documents\visual studio 2013\projects\exiles\exiles\release\mesh.obj
f:\main\documents\visual studio 2013\projects\exiles\exiles\release\main.obj
f:\main\documents\visual studio 2013\projects\exiles\exiles\release\display.obj
f:\main\documents\visual studio 2013\projects\exiles\exiles\release\stb_image.obj
f:\main\documents\visual studio 2013\projects\exiles\exiles\release\texture.obj
f:\main\documents\visual studio 2013\projects\exiles\exiles\release\obj_loader.obj
f:\main\documents\visual studio 2013\projects\exiles\exiles\release\timer.obj
f:\main\documents\visual studio 2013\projects\exiles\exiles\release\gameobject.obj
f:\main\documents\visual studio 2013\projects\exiles\exiles\release\game.obj
f:\main\documents\visual studio 2013\projects\exiles\exiles\release\enginecore.obj
f:\main\documents\visual studio 2013\projects\exiles\exiles\release\window.obj
f:\main\documents\visual studio 2013\projects\exiles\exiles\release\input.obj
f:\main\documents\visual studio 2013\projects\exiles\exiles\release\graphicscore.obj
f:\main\documents\visual studio 2013\projects\exiles\exiles\release\camera.obj
f:\main\documents\visual studio 2013\projects\exiles\exiles\release\transform.obj
f:\main\documents\visual studio 2013\projects\exiles\exiles\release\math.obj
f:\main\documents\visual studio 2013\projects\exiles\exiles\release\scene.obj
f:\main\documents\visual studio 2013\projects\exiles\release\exiles.exe
f:\main\documents\visual studio 2013\projects\exiles\release\exiles.pdb
f:\main\documents\visual studio 2013\projects\exiles\exiles\release\exiles.tlog\cl.command.1.tlog
f:\main\documents\visual studio 2013\projects\exiles\exiles\release\exiles.tlog\cl.read.1.tlog
f:\main\documents\visual studio 2013\projects\exiles\exiles\release\exiles.tlog\cl.write.1.tlog
f:\main\documents\visual studio 2013\projects\exiles\exiles\release\exiles.tlog\link.command.1.tlog
f:\main\documents\visual studio 2013\projects\exiles\exiles\release\exiles.tlog\link.read.1.tlog
f:\main\documents\visual studio 2013\projects\exiles\exiles\release\exiles.tlog\link.write.1.tlog
